android/app/build/intermediates/manifest_merge_blame_file/release/manifest-merger-blame-release-report.txt
1<?xml version="1.0" encoding="utf-8"?>
2<manifest xmlns:android="http://schemas.android.com/apk/res/android"
3    package="com.mainapp"
4    android:versionCode="1"
5    android:versionName="1.0" >
6
7    <uses-sdk
8        android:minSdkVersion="16"
8-->src\main\AndroidManifest.xml
9        android:targetSdkVersion="29" />
9-->src\main\AndroidManifest.xml
10
11    <uses-permission android:name="android.permission.INTERNET" />
11-->src\main\AndroidManifest.xml:4:5-67
11-->src\main\AndroidManifest.xml:4:22-64
12    <uses-permission android:name="android.permission.VIBRATE" />
12-->src\main\AndroidManifest.xml:5:5-66
12-->src\main\AndroidManifest.xml:5:22-63
13    <uses-permission android:name="android.permission.RECEIVE_BOOT_COMPLETED" />
13-->src\main\AndroidManifest.xml:6:5-80
13-->src\main\AndroidManifest.xml:6:22-78
14    <uses-permission android:name="android.permission.CAMERA" />
14-->src\main\AndroidManifest.xml:7:5-65
14-->src\main\AndroidManifest.xml:7:22-62
15
16    <!-- Include this only if you are planning to use the camera roll -->
17    <uses-permission android:name="android.permission.READ_EXTERNAL_STORAGE" />
17-->src\main\AndroidManifest.xml:10:5-80
17-->src\main\AndroidManifest.xml:10:22-77
18    <uses-permission android:name="android.permission.WRITE_EXTERNAL_STORAGE" />
18-->src\main\AndroidManifest.xml:11:5-81
18-->src\main\AndroidManifest.xml:11:22-78
19
20    <!-- Include this only if you are planning to use the microphone for video recording -->
21    <uses-permission android:name="android.permission.RECORD_AUDIO" />
21-->src\main\AndroidManifest.xml:14:5-70
21-->src\main\AndroidManifest.xml:14:22-68
22    <uses-permission android:name="android.permission.ACCESS_COARSE_LOCATION" />
22-->[:react-native-maps] AndroidManifest.xml:10:5-81
22-->[:react-native-maps] AndroidManifest.xml:10:22-78
23
24    <uses-feature
24-->[:react-native-camera] AndroidManifest.xml:11:5-13:36
25        android:name="android.hardware.camera"
25-->[:react-native-camera] AndroidManifest.xml:12:9-47
26        android:required="false" />
26-->[:react-native-camera] AndroidManifest.xml:13:9-33
27    <uses-feature
27-->[:react-native-camera] AndroidManifest.xml:14:5-16:36
28        android:name="android.hardware.camera.autofocus"
28-->[:react-native-camera] AndroidManifest.xml:15:9-57
29        android:required="false" /> <!-- Include required permissions for Google Maps API to run. -->
29-->[:react-native-camera] AndroidManifest.xml:16:9-33
30    <uses-permission android:name="android.permission.ACCESS_NETWORK_STATE" />
30-->[com.google.android.gms:play-services-maps:17.0.0] AndroidManifest.xml:23:5-79
30-->[com.google.android.gms:play-services-maps:17.0.0] AndroidManifest.xml:23:22-76
31
32    <uses-feature
32-->[com.google.android.gms:play-services-maps:17.0.0] AndroidManifest.xml:26:5-28:35
33        android:glEsVersion="0x00020000"
33-->[com.google.android.gms:play-services-maps:17.0.0] AndroidManifest.xml:27:9-41
34        android:required="true" />
34-->[com.google.android.gms:play-services-maps:17.0.0] AndroidManifest.xml:28:9-32
35
36    <uses-permission android:name="android.permission.WAKE_LOCK" /> <!-- Required by older versions of Google Play services to create IID tokens -->
36-->[com.google.firebase:firebase-messaging:21.1.0] AndroidManifest.xml:23:5-68
36-->[com.google.firebase:firebase-messaging:21.1.0] AndroidManifest.xml:23:22-65
37    <uses-permission android:name="com.google.android.c2dm.permission.RECEIVE" />
37-->[com.google.firebase:firebase-messaging:21.1.0] AndroidManifest.xml:25:5-82
37-->[com.google.firebase:firebase-messaging:21.1.0] AndroidManifest.xml:25:22-79
38    <uses-permission android:name="com.google.android.finsky.permission.BIND_GET_INSTALL_REFERRER_SERVICE" /> <!-- for android -->
38-->[com.google.android.gms:play-services-measurement:17.3.0] AndroidManifest.xml:26:5-110
38-->[com.google.android.gms:play-services-measurement:17.3.0] AndroidManifest.xml:26:22-107
39    <!-- <uses-permission android:name="com.android.launcher.permission.READ_SETTINGS"/> -->
40    <!-- <uses-permission android:name="com.android.launcher.permission.WRITE_SETTINGS"/> -->
41    <!-- <uses-permission android:name="com.android.launcher.permission.INSTALL_SHORTCUT" /> -->
42    <!-- <uses-permission android:name="com.android.launcher.permission.UNINSTALL_SHORTCUT" /> -->
43    <!-- for Samsung -->
44    <uses-permission android:name="com.sec.android.provider.badge.permission.READ" />
44-->[me.leolin:ShortcutBadger:1.1.22] AndroidManifest.xml:19:5-86
44-->[me.leolin:ShortcutBadger:1.1.22] AndroidManifest.xml:19:22-83
45    <uses-permission android:name="com.sec.android.provider.badge.permission.WRITE" /> <!-- for htc -->
45-->[me.leolin:ShortcutBadger:1.1.22] AndroidManifest.xml:20:5-87
45-->[me.leolin:ShortcutBadger:1.1.22] AndroidManifest.xml:20:22-84
46    <uses-permission android:name="com.htc.launcher.permission.READ_SETTINGS" />
46-->[me.leolin:ShortcutBadger:1.1.22] AndroidManifest.xml:23:5-81
46-->[me.leolin:ShortcutBadger:1.1.22] AndroidManifest.xml:23:22-78
47    <uses-permission android:name="com.htc.launcher.permission.UPDATE_SHORTCUT" /> <!-- for sony -->
47-->[me.leolin:ShortcutBadger:1.1.22] AndroidManifest.xml:24:5-83
47-->[me.leolin:ShortcutBadger:1.1.22] AndroidManifest.xml:24:22-80
48    <uses-permission android:name="com.sonyericsson.home.permission.BROADCAST_BADGE" />
48-->[me.leolin:ShortcutBadger:1.1.22] AndroidManifest.xml:27:5-88
48-->[me.leolin:ShortcutBadger:1.1.22] AndroidManifest.xml:27:22-85
49    <uses-permission android:name="com.sonymobile.home.permission.PROVIDER_INSERT_BADGE" /> <!-- for apex -->
49-->[me.leolin:ShortcutBadger:1.1.22] AndroidManifest.xml:28:5-92
49-->[me.leolin:ShortcutBadger:1.1.22] AndroidManifest.xml:28:22-89
50    <uses-permission android:name="com.anddoes.launcher.permission.UPDATE_COUNT" /> <!-- for solid -->
50-->[me.leolin:ShortcutBadger:1.1.22] AndroidManifest.xml:31:5-84
50-->[me.leolin:ShortcutBadger:1.1.22] AndroidManifest.xml:31:22-81
51    <uses-permission android:name="com.majeur.launcher.permission.UPDATE_BADGE" /> <!-- for huawei -->
51-->[me.leolin:ShortcutBadger:1.1.22] AndroidManifest.xml:34:5-83
51-->[me.leolin:ShortcutBadger:1.1.22] AndroidManifest.xml:34:22-80
52    <uses-permission android:name="com.huawei.android.launcher.permission.CHANGE_BADGE" />
52-->[me.leolin:ShortcutBadger:1.1.22] AndroidManifest.xml:37:5-91
52-->[me.leolin:ShortcutBadger:1.1.22] AndroidManifest.xml:37:22-88
53    <uses-permission android:name="com.huawei.android.launcher.permission.READ_SETTINGS" />
53-->[me.leolin:ShortcutBadger:1.1.22] AndroidManifest.xml:38:5-92
53-->[me.leolin:ShortcutBadger:1.1.22] AndroidManifest.xml:38:22-89
54    <uses-permission android:name="com.huawei.android.launcher.permission.WRITE_SETTINGS" /> <!-- for ZUK -->
54-->[me.leolin:ShortcutBadger:1.1.22] AndroidManifest.xml:39:5-93
54-->[me.leolin:ShortcutBadger:1.1.22] AndroidManifest.xml:39:22-90
55    <uses-permission android:name="android.permission.READ_APP_BADGE" /> <!-- for OPPO -->
55-->[me.leolin:ShortcutBadger:1.1.22] AndroidManifest.xml:42:5-73
55-->[me.leolin:ShortcutBadger:1.1.22] AndroidManifest.xml:42:22-70
56    <uses-permission android:name="com.oppo.launcher.permission.READ_SETTINGS" />
56-->[me.leolin:ShortcutBadger:1.1.22] AndroidManifest.xml:45:5-82
56-->[me.leolin:ShortcutBadger:1.1.22] AndroidManifest.xml:45:22-79
57    <uses-permission android:name="com.oppo.launcher.permission.WRITE_SETTINGS" /> <!-- for EvMe -->
57-->[me.leolin:ShortcutBadger:1.1.22] AndroidManifest.xml:46:5-83
57-->[me.leolin:ShortcutBadger:1.1.22] AndroidManifest.xml:46:22-80
58    <uses-permission android:name="me.everything.badger.permission.BADGE_COUNT_READ" />
58-->[me.leolin:ShortcutBadger:1.1.22] AndroidManifest.xml:49:5-88
58-->[me.leolin:ShortcutBadger:1.1.22] AndroidManifest.xml:49:22-85
59    <uses-permission android:name="me.everything.badger.permission.BADGE_COUNT_WRITE" />
59-->[me.leolin:ShortcutBadger:1.1.22] AndroidManifest.xml:50:5-89
59-->[me.leolin:ShortcutBadger:1.1.22] AndroidManifest.xml:50:22-86
60
61    <application
61-->src\main\AndroidManifest.xml:16:5-64:19
62        android:name="com.mainapp.MainApplication"
62-->src\main\AndroidManifest.xml:17:7-38
63        android:allowBackup="false"
63-->src\main\AndroidManifest.xml:21:7-34
64        android:appComponentFactory="androidx.core.app.CoreComponentFactory"
64-->[androidx.core:core:1.2.0] AndroidManifest.xml:24:18-86
65        android:icon="@mipmap/ic_launcher"
65-->src\main\AndroidManifest.xml:19:7-41
66        android:label="@string/app_name"
66-->src\main\AndroidManifest.xml:18:7-39
67        android:roundIcon="@mipmap/ic_launcher_round"
67-->src\main\AndroidManifest.xml:20:7-52
68        android:theme="@style/AppTheme" >
68-->src\main\AndroidManifest.xml:22:7-38
69        <activity
69-->src\main\AndroidManifest.xml:23:7-33:18
70            android:name="com.mainapp.MainActivity"
70-->src\main\AndroidManifest.xml:24:9-37
71            android:configChanges="keyboard|keyboardHidden|orientation|screenSize|uiMode"
71-->src\main\AndroidManifest.xml:26:9-86
72            android:label="@string/app_name"
72-->src\main\AndroidManifest.xml:25:9-41
73            android:launchMode="singleTask"
73-->src\main\AndroidManifest.xml:27:9-40
74            android:windowSoftInputMode="adjustResize" >
74-->src\main\AndroidManifest.xml:28:9-51
75            <intent-filter>
75-->src\main\AndroidManifest.xml:29:9-32:25
76                <action android:name="android.intent.action.MAIN" />
76-->src\main\AndroidManifest.xml:30:13-65
76-->src\main\AndroidManifest.xml:30:21-62
77
78                <category android:name="android.intent.category.LAUNCHER" />
78-->src\main\AndroidManifest.xml:31:13-73
78-->src\main\AndroidManifest.xml:31:23-70
79            </intent-filter>
80        </activity>
81        <activity android:name="com.facebook.react.devsupport.DevSettingsActivity" />
81-->src\main\AndroidManifest.xml:34:7-84
81-->src\main\AndroidManifest.xml:34:17-81
82
83        <meta-data
83-->src\main\AndroidManifest.xml:36:9-38:66
84            android:name="com.google.android.geo.API_KEY"
84-->src\main\AndroidManifest.xml:37:9-54
85            android:value="AIzaSyCtyNlpUoses3dSfqptLB_ZWwSwim2mVwM" />
85-->src\main\AndroidManifest.xml:38:9-64
86
87        <!-- Change the value to true to enable pop-up for in foreground on receiving remote notifications (for prevent duplicating while showing local notifications set this to false) -->
88        <meta-data
88-->src\main\AndroidManifest.xml:41:9-42:44
89            android:name="com.dieam.reactnativepushnotification.notification_foreground"
89-->src\main\AndroidManifest.xml:41:21-97
90            android:value="false" />
90-->src\main\AndroidManifest.xml:42:21-42
91        <!-- Change the resource name to your App's accent color - or any other color you want -->
92        <meta-data
92-->src\main\AndroidManifest.xml:44:9-45:54
93            android:name="com.dieam.reactnativepushnotification.notification_color"
93-->src\main\AndroidManifest.xml:44:21-92
94            android:resource="@color/white" /> <!-- or @android:color/{name} to use a standard color -->
94-->src\main\AndroidManifest.xml:45:21-52
95
96        <receiver android:name="com.dieam.reactnativepushnotification.modules.RNPushNotificationActions" />
96-->src\main\AndroidManifest.xml:47:9-108
96-->src\main\AndroidManifest.xml:47:19-105
97        <receiver android:name="com.dieam.reactnativepushnotification.modules.RNPushNotificationPublisher" />
97-->src\main\AndroidManifest.xml:48:9-110
97-->src\main\AndroidManifest.xml:48:19-107
98        <receiver android:name="com.dieam.reactnativepushnotification.modules.RNPushNotificationBootEventReceiver" >
98-->src\main\AndroidManifest.xml:49:9-55:20
98-->src\main\AndroidManifest.xml:49:19-115
99            <intent-filter>
99-->src\main\AndroidManifest.xml:50:13-54:29
100                <action android:name="android.intent.action.BOOT_COMPLETED" />
100-->src\main\AndroidManifest.xml:51:17-79
100-->src\main\AndroidManifest.xml:51:25-76
101                <action android:name="android.intent.action.QUICKBOOT_POWERON" />
101-->src\main\AndroidManifest.xml:52:17-82
101-->src\main\AndroidManifest.xml:52:25-79
102                <action android:name="com.htc.intent.action.QUICKBOOT_POWERON" />
102-->src\main\AndroidManifest.xml:53:17-81
102-->src\main\AndroidManifest.xml:53:25-79
103            </intent-filter>
104        </receiver>
105
106        <service
106-->src\main\AndroidManifest.xml:57:9-63:19
107            android:name="com.dieam.reactnativepushnotification.modules.RNPushNotificationListenerService"
107-->src\main\AndroidManifest.xml:58:13-107
108            android:exported="false" >
108-->src\main\AndroidManifest.xml:59:13-37
109            <intent-filter>
109-->src\main\AndroidManifest.xml:60:13-62:29
110                <action android:name="com.google.firebase.MESSAGING_EVENT" />
110-->src\main\AndroidManifest.xml:61:17-78
110-->src\main\AndroidManifest.xml:61:25-75
111            </intent-filter>
112        </service>
113        <!-- Needs to be explicitly declared on P+ -->
114        <uses-library
114-->[com.google.android.gms:play-services-maps:17.0.0] AndroidManifest.xml:33:9-35:40
115            android:name="org.apache.http.legacy"
115-->[com.google.android.gms:play-services-maps:17.0.0] AndroidManifest.xml:34:13-50
116            android:required="false" />
116-->[com.google.android.gms:play-services-maps:17.0.0] AndroidManifest.xml:35:13-37
117
118        <activity
118-->[com.google.android.gms:play-services-base:17.4.0] AndroidManifest.xml:23:9-26:75
119            android:name="com.google.android.gms.common.api.GoogleApiActivity"
119-->[com.google.android.gms:play-services-base:17.4.0] AndroidManifest.xml:24:13-79
120            android:exported="false"
120-->[com.google.android.gms:play-services-base:17.4.0] AndroidManifest.xml:25:13-37
121            android:theme="@android:style/Theme.Translucent.NoTitleBar" />
121-->[com.google.android.gms:play-services-base:17.4.0] AndroidManifest.xml:26:13-72
122
123        <receiver
123-->[com.google.firebase:firebase-messaging:21.1.0] AndroidManifest.xml:28:9-35:20
124            android:name="com.google.firebase.iid.FirebaseInstanceIdReceiver"
124-->[com.google.firebase:firebase-messaging:21.1.0] AndroidManifest.xml:29:13-78
125            android:exported="true"
125-->[com.google.firebase:firebase-messaging:21.1.0] AndroidManifest.xml:30:13-36
126            android:permission="com.google.android.c2dm.permission.SEND" >
126-->[com.google.firebase:firebase-messaging:21.1.0] AndroidManifest.xml:31:13-73
127            <intent-filter>
127-->[com.google.firebase:firebase-messaging:21.1.0] AndroidManifest.xml:32:13-34:29
128                <action android:name="com.google.android.c2dm.intent.RECEIVE" />
128-->[com.google.firebase:firebase-messaging:21.1.0] AndroidManifest.xml:33:17-81
128-->[com.google.firebase:firebase-messaging:21.1.0] AndroidManifest.xml:33:25-78
129            </intent-filter>
130        </receiver>
131        <!--
132             FirebaseMessagingService performs security checks at runtime,
133             but set to not exported to explicitly avoid allowing another app to call it.
134        -->
135        <service
135-->[com.google.firebase:firebase-messaging:21.1.0] AndroidManifest.xml:41:9-48:19
136            android:name="com.google.firebase.messaging.FirebaseMessagingService"
136-->[com.google.firebase:firebase-messaging:21.1.0] AndroidManifest.xml:42:13-82
137            android:directBootAware="true"
137-->[com.google.firebase:firebase-messaging:21.1.0] AndroidManifest.xml:43:13-43
138            android:exported="false" >
138-->[com.google.firebase:firebase-messaging:21.1.0] AndroidManifest.xml:44:13-37
139            <intent-filter android:priority="-500" >
139-->src\main\AndroidManifest.xml:60:13-62:29
140                <action android:name="com.google.firebase.MESSAGING_EVENT" />
140-->src\main\AndroidManifest.xml:61:17-78
140-->src\main\AndroidManifest.xml:61:25-75
141            </intent-filter>
142        </service>
143        <service
143-->[com.google.firebase:firebase-messaging:21.1.0] AndroidManifest.xml:49:9-55:19
144            android:name="com.google.firebase.components.ComponentDiscoveryService"
144-->[com.google.firebase:firebase-messaging:21.1.0] AndroidManifest.xml:50:13-84
145            android:directBootAware="true"
145-->[com.google.firebase:firebase-common:19.5.0] AndroidManifest.xml:35:13-43
146            android:exported="false" >
146-->[com.google.firebase:firebase-messaging:21.1.0] AndroidManifest.xml:51:13-37
147            <meta-data
147-->[com.google.firebase:firebase-messaging:21.1.0] AndroidManifest.xml:52:13-54:85
148                android:name="com.google.firebase.components:com.google.firebase.messaging.FirebaseMessagingRegistrar"
148-->[com.google.firebase:firebase-messaging:21.1.0] AndroidManifest.xml:53:17-119
149                android:value="com.google.firebase.components.ComponentRegistrar" />
149-->[com.google.firebase:firebase-messaging:21.1.0] AndroidManifest.xml:54:17-82
150            <meta-data
150-->[com.google.firebase:firebase-datatransport:17.0.10] AndroidManifest.xml:28:13-30:85
151                android:name="com.google.firebase.components:com.google.firebase.datatransport.TransportRegistrar"
151-->[com.google.firebase:firebase-datatransport:17.0.10] AndroidManifest.xml:29:17-115
152                android:value="com.google.firebase.components.ComponentRegistrar" />
152-->[com.google.firebase:firebase-datatransport:17.0.10] AndroidManifest.xml:30:17-82
153            <meta-data
153-->[com.google.android.gms:play-services-measurement-api:17.3.0] AndroidManifest.xml:30:13-32:85
154                android:name="com.google.firebase.components:com.google.firebase.analytics.connector.internal.AnalyticsConnectorRegistrar"
154-->[com.google.android.gms:play-services-measurement-api:17.3.0] AndroidManifest.xml:31:17-139
155                android:value="com.google.firebase.components.ComponentRegistrar" />
155-->[com.google.android.gms:play-services-measurement-api:17.3.0] AndroidManifest.xml:32:17-82
156            <meta-data
156-->[com.google.firebase:firebase-iid:21.1.0] AndroidManifest.xml:32:13-34:85
157                android:name="com.google.firebase.components:com.google.firebase.iid.Registrar"
157-->[com.google.firebase:firebase-iid:21.1.0] AndroidManifest.xml:33:17-96
158                android:value="com.google.firebase.components.ComponentRegistrar" />
158-->[com.google.firebase:firebase-iid:21.1.0] AndroidManifest.xml:34:17-82
159            <meta-data
159-->[com.google.firebase:firebase-installations:16.3.5] AndroidManifest.xml:18:13-20:85
160                android:name="com.google.firebase.components:com.google.firebase.installations.FirebaseInstallationsRegistrar"
160-->[com.google.firebase:firebase-installations:16.3.5] AndroidManifest.xml:19:17-127
161                android:value="com.google.firebase.components.ComponentRegistrar" />
161-->[com.google.firebase:firebase-installations:16.3.5] AndroidManifest.xml:20:17-82
162            <!--
163                This registrar is not defined in the dynamic-module-support sdk itself to allow non-firebase
164                clients to use it as well, by defining this registrar in their own core/common library.
165            -->
166            <meta-data
166-->[com.google.firebase:firebase-common:19.5.0] AndroidManifest.xml:43:13-45:85
167                android:name="com.google.firebase.components:com.google.firebase.dynamicloading.DynamicLoadingRegistrar"
167-->[com.google.firebase:firebase-common:19.5.0] AndroidManifest.xml:44:17-121
168                android:value="com.google.firebase.components.ComponentRegistrar" />
168-->[com.google.firebase:firebase-common:19.5.0] AndroidManifest.xml:45:17-82
169        </service>
170        <service
170-->[com.google.android.datatransport:transport-backend-cct:2.3.3] AndroidManifest.xml:29:9-35:19
171            android:name="com.google.android.datatransport.runtime.backends.TransportBackendDiscovery"
171-->[com.google.android.datatransport:transport-backend-cct:2.3.3] AndroidManifest.xml:30:13-103
172            android:exported="false" >
172-->[com.google.android.datatransport:transport-backend-cct:2.3.3] AndroidManifest.xml:31:13-37
173            <meta-data
173-->[com.google.android.datatransport:transport-backend-cct:2.3.3] AndroidManifest.xml:32:13-34:39
174                android:name="backend:com.google.android.datatransport.cct.CctBackendFactory"
174-->[com.google.android.datatransport:transport-backend-cct:2.3.3] AndroidManifest.xml:33:17-94
175                android:value="cct" />
175-->[com.google.android.datatransport:transport-backend-cct:2.3.3] AndroidManifest.xml:34:17-36
176        </service>
177        <service
177-->[com.google.android.datatransport:transport-runtime:2.2.5] AndroidManifest.xml:26:9-30:19
178            android:name="com.google.android.datatransport.runtime.scheduling.jobscheduling.JobInfoSchedulerService"
178-->[com.google.android.datatransport:transport-runtime:2.2.5] AndroidManifest.xml:27:13-117
179            android:exported="false"
179-->[com.google.android.datatransport:transport-runtime:2.2.5] AndroidManifest.xml:28:13-37
180            android:permission="android.permission.BIND_JOB_SERVICE" >
180-->[com.google.android.datatransport:transport-runtime:2.2.5] AndroidManifest.xml:29:13-69
181        </service>
182
183        <receiver
183-->[com.google.android.datatransport:transport-runtime:2.2.5] AndroidManifest.xml:32:9-34:40
184            android:name="com.google.android.datatransport.runtime.scheduling.jobscheduling.AlarmManagerSchedulerBroadcastReceiver"
184-->[com.google.android.datatransport:transport-runtime:2.2.5] AndroidManifest.xml:33:13-132
185            android:exported="false" />
185-->[com.google.android.datatransport:transport-runtime:2.2.5] AndroidManifest.xml:34:13-37
186        <receiver
186-->[com.google.android.gms:play-services-measurement:17.3.0] AndroidManifest.xml:29:9-33:20
187            android:name="com.google.android.gms.measurement.AppMeasurementReceiver"
187-->[com.google.android.gms:play-services-measurement:17.3.0] AndroidManifest.xml:30:13-85
188            android:enabled="true"
188-->[com.google.android.gms:play-services-measurement:17.3.0] AndroidManifest.xml:31:13-35
189            android:exported="false" >
189-->[com.google.android.gms:play-services-measurement:17.3.0] AndroidManifest.xml:32:13-37
190        </receiver>
191        <receiver
191-->[com.google.android.gms:play-services-measurement:17.3.0] AndroidManifest.xml:34:9-42:20
192            android:name="com.google.android.gms.measurement.AppMeasurementInstallReferrerReceiver"
192-->[com.google.android.gms:play-services-measurement:17.3.0] AndroidManifest.xml:35:13-100
193            android:enabled="true"
193-->[com.google.android.gms:play-services-measurement:17.3.0] AndroidManifest.xml:36:13-35
194            android:exported="true"
194-->[com.google.android.gms:play-services-measurement:17.3.0] AndroidManifest.xml:37:13-36
195            android:permission="android.permission.INSTALL_PACKAGES" >
195-->[com.google.android.gms:play-services-measurement:17.3.0] AndroidManifest.xml:38:13-69
196            <intent-filter>
196-->[com.google.android.gms:play-services-measurement:17.3.0] AndroidManifest.xml:39:13-41:29
197                <action android:name="com.android.vending.INSTALL_REFERRER" />
197-->[com.google.android.gms:play-services-measurement:17.3.0] AndroidManifest.xml:40:17-79
197-->[com.google.android.gms:play-services-measurement:17.3.0] AndroidManifest.xml:40:25-76
198            </intent-filter>
199        </receiver>
200
201        <service
201-->[com.google.android.gms:play-services-measurement:17.3.0] AndroidManifest.xml:44:9-47:40
202            android:name="com.google.android.gms.measurement.AppMeasurementService"
202-->[com.google.android.gms:play-services-measurement:17.3.0] AndroidManifest.xml:45:13-84
203            android:enabled="true"
203-->[com.google.android.gms:play-services-measurement:17.3.0] AndroidManifest.xml:46:13-35
204            android:exported="false" />
204-->[com.google.android.gms:play-services-measurement:17.3.0] AndroidManifest.xml:47:13-37
205        <service
205-->[com.google.android.gms:play-services-measurement:17.3.0] AndroidManifest.xml:48:9-52:72
206            android:name="com.google.android.gms.measurement.AppMeasurementJobService"
206-->[com.google.android.gms:play-services-measurement:17.3.0] AndroidManifest.xml:49:13-87
207            android:enabled="true"
207-->[com.google.android.gms:play-services-measurement:17.3.0] AndroidManifest.xml:50:13-35
208            android:exported="false"
208-->[com.google.android.gms:play-services-measurement:17.3.0] AndroidManifest.xml:51:13-37
209            android:permission="android.permission.BIND_JOB_SERVICE" />
209-->[com.google.android.gms:play-services-measurement:17.3.0] AndroidManifest.xml:52:13-69
210
211        <provider
211-->[com.google.firebase:firebase-common:19.5.0] AndroidManifest.xml:26:9-31:39
212            android:name="com.google.firebase.provider.FirebaseInitProvider"
212-->[com.google.firebase:firebase-common:19.5.0] AndroidManifest.xml:27:13-77
213            android:authorities="com.mainapp.firebaseinitprovider"
213-->[com.google.firebase:firebase-common:19.5.0] AndroidManifest.xml:28:13-72
214            android:directBootAware="true"
214-->[com.google.firebase:firebase-common:19.5.0] AndroidManifest.xml:29:13-43
215            android:exported="false"
215-->[com.google.firebase:firebase-common:19.5.0] AndroidManifest.xml:30:13-37
216            android:initOrder="100" />
216-->[com.google.firebase:firebase-common:19.5.0] AndroidManifest.xml:31:13-36
217
218        <meta-data
218-->[com.google.android.gms:play-services-basement:17.4.0] AndroidManifest.xml:23:9-25:69
219            android:name="com.google.android.gms.version"
219-->[com.google.android.gms:play-services-basement:17.4.0] AndroidManifest.xml:24:13-58
220            android:value="@integer/google_play_services_version" />
220-->[com.google.android.gms:play-services-basement:17.4.0] AndroidManifest.xml:25:13-66
221    </application>
222
223</manifest>